TN:
SF:src\polyfills.ts
FNF:0
FNH:0
LF:0
LH:0
BRF:0
BRH:0
end_of_record
TN:
SF:src\test.ts
FNF:0
FNH:0
DA:18,1
DA:23,1
DA:25,1
LF:3
LH:3
BRF:0
BRH:0
end_of_record
TN:
SF:src\app\app.component.ts
FNF:0
FNH:0
DA:8,1
DA:9,2
LF:2
LH:2
BRF:0
BRH:0
end_of_record
TN:
SF:src\app\components\flight-search\flight-search.component.ts
FN:28,(anonymous_0)
FN:38,(anonymous_1)
FN:39,(anonymous_2)
FN:48,(anonymous_3)
FN:55,(anonymous_5)
FN:56,(anonymous_6)
FN:64,(anonymous_7)
FN:84,(anonymous_8)
FN:107,(anonymous_9)
FN:120,(anonymous_10)
FN:121,(anonymous_11)
FNF:11
FNH:5
FNDA:3,(anonymous_0)
FNDA:3,(anonymous_1)
FNDA:0,(anonymous_2)
FNDA:1,(anonymous_3)
FNDA:0,(anonymous_5)
FNDA:0,(anonymous_6)
FNDA:0,(anonymous_7)
FNDA:0,(anonymous_8)
FNDA:0,(anonymous_9)
FNDA:1,(anonymous_10)
FNDA:1,(anonymous_11)
DA:14,1
DA:17,3
DA:19,3
DA:28,3
DA:31,3
DA:39,3
DA:40,0
DA:50,1
DA:52,0
DA:55,0
DA:56,0
DA:57,0
DA:58,0
DA:59,0
DA:64,0
DA:65,0
DA:66,0
DA:67,0
DA:73,1
DA:74,1
DA:85,0
DA:88,0
DA:89,0
DA:90,0
DA:91,0
DA:92,0
DA:93,0
DA:94,0
DA:99,0
DA:109,0
DA:110,0
DA:112,0
DA:114,0
DA:116,0
DA:121,1
LF:35
LH:10
BRDA:50,0,0,0
BRDA:50,0,1,1
BRDA:88,1,0,0
BRDA:88,1,1,0
BRDA:92,2,0,0
BRDA:92,2,1,0
BRDA:109,3,0,0
BRDA:109,3,1,0
BRF:8
BRH:1
end_of_record
TN:
SF:src\app\components\show-flights\show-flights.component.ts
FN:11,(anonymous_0)
FN:13,(anonymous_1)
FN:16,(anonymous_2)
FN:20,(anonymous_3)
FN:24,(anonymous_4)
FNF:5
FNH:2
FNDA:4,(anonymous_0)
FNDA:4,(anonymous_1)
FNDA:0,(anonymous_2)
FNDA:0,(anonymous_3)
FNDA:0,(anonymous_4)
DA:9,1
DA:11,4
DA:17,0
DA:21,0
DA:25,0
LF:5
LH:2
BRF:0
BRH:0
end_of_record
TN:
SF:src\app\models\airport.ts
FN:12,(anonymous_0)
FNF:1
FNH:1
FNDA:327,(anonymous_0)
DA:13,327
DA:14,327
DA:15,327
DA:16,327
DA:17,327
DA:18,327
LF:6
LH:6
BRDA:12,0,0,3
BRDA:12,1,0,3
BRDA:12,2,0,3
BRDA:12,3,0,3
BRDA:12,4,0,3
BRDA:12,5,0,3
BRF:6
BRH:6
end_of_record
TN:
SF:src\app\models\country.ts
FN:4,(anonymous_0)
FNF:1
FNH:1
FNDA:331,(anonymous_0)
DA:6,331
DA:7,331
LF:2
LH:2
BRDA:4,0,0,4
BRDA:4,1,0,4
BRF:2
BRH:2
end_of_record
TN:
SF:src\app\models\duration.ts
FN:6,(anonymous_0)
FNF:1
FNH:1
FNDA:690,(anonymous_0)
DA:7,690
DA:8,371
DA:9,371
DA:10,371
DA:11,371
DA:15,319
DA:16,319
DA:17,319
DA:18,319
LF:9
LH:9
BRDA:7,0,0,371
BRDA:7,0,1,319
BRF:2
BRH:2
end_of_record
TN:
SF:src\app\models\flight.ts
FN:13,(anonymous_0)
FNF:1
FNH:1
FNDA:162,(anonymous_0)
DA:14,162
DA:15,162
DA:16,162
DA:17,162
DA:18,162
DA:19,162
LF:6
LH:6
BRDA:13,0,0,1
BRDA:13,1,0,1
BRDA:13,2,0,1
BRDA:13,3,0,1
BRDA:13,4,0,1
BRF:5
BRH:5
end_of_record
TN:
SF:src\app\models\node.ts
FN:10,(anonymous_0)
FNF:1
FNH:1
FNDA:93,(anonymous_0)
DA:11,93
DA:12,93
DA:13,93
LF:3
LH:3
BRF:0
BRH:0
end_of_record
TN:
SF:src\app\models\route.ts
FN:11,(anonymous_0)
FNF:1
FNH:1
FNDA:318,(anonymous_0)
DA:12,318
DA:13,318
DA:14,318
DA:15,318
LF:4
LH:4
BRF:0
BRH:0
end_of_record
TN:
SF:src\app\models\state.ts
FN:4,(anonymous_0)
FNF:1
FNH:1
FNDA:331,(anonymous_0)
DA:5,331
DA:6,331
LF:2
LH:2
BRDA:4,0,0,4
BRDA:4,1,0,4
BRF:2
BRH:2
end_of_record
TN:
SF:src\app\services\flights.service.ts
FN:15,(anonymous_0)
FN:156,(anonymous_1)
FN:166,(anonymous_2)
FN:167,(anonymous_3)
FN:224,(anonymous_4)
FN:235,(anonymous_5)
FN:245,(anonymous_6)
FN:260,(anonymous_7)
FN:261,(anonymous_8)
FN:265,(anonymous_9)
FN:270,(anonymous_10)
FN:271,(anonymous_11)
FN:275,(anonymous_12)
FN:288,(anonymous_13)
FN:295,(anonymous_14)
FNF:15
FNH:15
FNDA:23,(anonymous_0)
FNDA:13,(anonymous_1)
FNDA:40,(anonymous_2)
FNDA:70,(anonymous_3)
FNDA:78,(anonymous_4)
FNDA:26,(anonymous_5)
FNDA:13,(anonymous_6)
FNDA:1,(anonymous_7)
FNDA:15,(anonymous_8)
FNDA:1,(anonymous_9)
FNDA:1,(anonymous_10)
FNDA:13,(anonymous_11)
FNDA:25,(anonymous_12)
FNDA:25,(anonymous_13)
FNDA:303,(anonymous_14)
DA:13,1
DA:15,23
DA:16,23
DA:19,23
DA:20,23
DA:21,23
DA:25,23
DA:158,13
DA:164,13
DA:165,10
DA:166,10
DA:167,40
DA:168,70
DA:173,3
DA:174,2
DA:176,1
DA:181,13
DA:182,12
DA:186,13
DA:187,10
DA:191,13
DA:192,11
DA:194,2
DA:197,13
DA:200,13
DA:201,12
DA:202,12
DA:205,1
DA:208,13
DA:211,13
DA:212,10
DA:216,13
DA:217,10
DA:220,3
DA:224,13
DA:225,78
DA:232,13
DA:237,26
DA:238,26
DA:239,26
DA:241,26
DA:247,13
DA:248,13
DA:250,13
DA:251,13
DA:252,5
DA:253,8
DA:254,7
DA:256,13
DA:261,15
DA:266,1
DA:271,13
DA:276,25
DA:277,175
DA:278,175
DA:279,175
DA:280,92
DA:282,175
DA:284,25
DA:289,25
DA:290,108
DA:297,303
DA:299,303
DA:300,0
DA:302,303
DA:304,209
DA:306,209
DA:307,101
DA:310,108
DA:313,209
DA:315,209
DA:316,140
DA:317,140
DA:320,209
DA:321,209
DA:323,209
DA:324,209
DA:326,257
DA:329,257
DA:330,195
DA:331,195
DA:332,195
LF:82
LH:81
BRDA:164,0,0,10
BRDA:164,0,1,3
BRDA:173,1,0,2
BRDA:173,1,1,1
BRDA:181,2,0,12
BRDA:181,2,1,1
BRDA:186,3,0,10
BRDA:186,3,1,3
BRDA:191,4,0,11
BRDA:191,4,1,2
BRDA:200,5,0,12
BRDA:200,5,1,1
BRDA:211,6,0,10
BRDA:211,6,1,3
BRDA:216,7,0,10
BRDA:216,7,1,3
BRDA:225,8,0,78
BRDA:225,8,1,78
BRDA:225,8,2,74
BRDA:225,8,3,64
BRDA:225,8,4,63
BRDA:251,9,0,5
BRDA:251,9,1,8
BRDA:253,10,0,7
BRDA:253,10,1,1
BRDA:261,11,0,2
BRDA:261,11,1,13
BRDA:271,12,0,6
BRDA:271,12,1,7
BRDA:279,13,0,92
BRDA:279,13,1,83
BRDA:299,14,0,0
BRDA:299,14,1,303
BRDA:302,15,0,209
BRDA:302,15,1,94
BRDA:306,16,0,101
BRDA:306,16,1,108
BRDA:329,17,0,195
BRDA:329,17,1,62
BRDA:329,18,0,257
BRDA:329,18,1,195
BRF:41
BRH:40
end_of_record
